# JRE version: Java(TM) SE Runtime Environment (8.0_101-b13) (build 1.8.0_101-b13)
# Java VM: Java HotSpot(TM) 64-Bit Server VM (25.101-b13 mixed mode bsd-amd64 compressed oops)
Heap:
 PSYoungGen      total 109568K, used 72080K [0x0000000795580000, 0x000000079ee00000, 0x00000007c0000000)
  eden space 87552K, 57% used [0x0000000795580000,0x0000000798676040,0x000000079ab00000)
  from space 22016K, 99% used [0x000000079ab00000,0x000000079c06e078,0x000000079c080000)
  to   space 24576K, 0% used [0x000000079d600000,0x000000079d600000,0x000000079ee00000)
 ParOldGen       total 60928K, used 37936K [0x0000000740000000, 0x0000000743b80000, 0x0000000795580000)
  object space 60928K, 62% used [0x0000000740000000,0x000000074250c290,0x0000000743b80000)
 Metaspace       used 25466K, capacity 26988K, committed 27136K, reserved 1073152K
  class space    used 3473K, capacity 3770K, committed 3840K, reserved 1048576K
GC Heap History (10 events):
Event: 13.178 GC heap before
{Heap before GC invocations=6 (full 1):
 PSYoungGen      total 53248K, used 53240K [0x0000000795580000, 0x0000000799080000, 0x00000007c0000000)
  eden space 48128K, 100% used [0x0000000795580000,0x0000000798480000,0x0000000798480000)
  from space 5120K, 99% used [0x0000000798980000,0x0000000798e7e2f8,0x0000000798e80000)
  to   space 5120K, 0% used [0x0000000798480000,0x0000000798480000,0x0000000798980000)
 ParOldGen       total 60928K, used 21707K [0x0000000740000000, 0x0000000743b80000, 0x0000000795580000)
  object space 60928K, 35% used [0x0000000740000000,0x0000000741532d98,0x0000000743b80000)
 Metaspace       used 24276K, capacity 25720K, committed 25984K, reserved 1071104K
  class space    used 3369K, capacity 3678K, committed 3712K, reserved 1048576K
Event: 13.189 GC heap after
Heap after GC invocations=6 (full 1):
 PSYoungGen      total 53248K, used 5114K [0x0000000795580000, 0x000000079c000000, 0x00000007c0000000)
  eden space 48128K, 0% used [0x0000000795580000,0x0000000795580000,0x0000000798480000)
  from space 5120K, 99% used [0x0000000798480000,0x000000079897ebd0,0x0000000798980000)
  to   space 19968K, 0% used [0x000000079ac80000,0x000000079ac80000,0x000000079c000000)
 ParOldGen       total 60928K, used 33328K [0x0000000740000000, 0x0000000743b80000, 0x0000000795580000)
  object space 60928K, 54% used [0x0000000740000000,0x000000074208c230,0x0000000743b80000)
 Metaspace       used 24276K, capacity 25720K, committed 25984K, reserved 1071104K
  class space    used 3369K, capacity 3678K, committed 3712K, reserved 1048576K
}
Event: 14.247 GC heap before
{Heap before GC invocations=7 (full 1):
 PSYoungGen      total 53248K, used 53242K [0x0000000795580000, 0x000000079c000000, 0x00000007c0000000)
  eden space 48128K, 100% used [0x0000000795580000,0x0000000798480000,0x0000000798480000)
  from space 5120K, 99% used [0x0000000798480000,0x000000079897ebd0,0x0000000798980000)
  to   space 19968K, 0% used [0x000000079ac80000,0x000000079ac80000,0x000000079c000000)
 ParOldGen       total 60928K, used 33328K [0x0000000740000000, 0x0000000743b80000, 0x0000000795580000)
  object space 60928K, 54% used [0x0000000740000000,0x000000074208c230,0x0000000743b80000)
 Metaspace       used 24389K, capacity 25876K, committed 25984K, reserved 1071104K
  class space    used 3370K, capacity 3678K, committed 3712K, reserved 1048576K
Event: 14.258 GC heap after
Heap after GC invocations=7 (full 1):
 PSYoungGen      total 85504K, used 19020K [0x0000000795580000, 0x000000079c800000, 0x00000007c0000000)
  eden space 65536K, 0% used [0x0000000795580000,0x0000000795580000,0x0000000799580000)
  from space 19968K, 95% used [0x000000079ac80000,0x000000079bf13050,0x000000079c000000)
  to   space 23552K, 0% used [0x0000000799580000,0x0000000799580000,0x000000079ac80000)
 ParOldGen       total 60928K, used 33328K [0x0000000740000000, 0x0000000743b80000, 0x0000000795580000)
  object space 60928K, 54% used [0x0000000740000000,0x000000074208c230,0x0000000743b80000)
 Metaspace       used 24389K, capacity 25876K, committed 25984K, reserved 1071104K
  class space    used 3370K, capacity 3678K, committed 3712K, reserved 1048576K
}
Event: 26.816 GC heap before
{Heap before GC invocations=8 (full 1):
 PSYoungGen      total 85504K, used 84348K [0x0000000795580000, 0x000000079c800000, 0x00000007c0000000)
  eden space 65536K, 99% used [0x0000000795580000,0x000000079954c278,0x0000000799580000)
  from space 19968K, 95% used [0x000000079ac80000,0x000000079bf13050,0x000000079c000000)
  to   space 23552K, 0% used [0x0000000799580000,0x0000000799580000,0x000000079ac80000)
 ParOldGen       total 60928K, used 33328K [0x0000000740000000, 0x0000000743b80000, 0x0000000795580000)
  object space 60928K, 54% used [0x0000000740000000,0x000000074208c230,0x0000000743b80000)
 Metaspace       used 25091K, capacity 26632K, committed 26880K, reserved 1073152K
  class space    used 3457K, capacity 3762K, committed 3840K, reserved 1048576K
Event: 26.826 GC heap after
Heap after GC invocations=8 (full 1):
 PSYoungGen      total 89088K, used 14035K [0x0000000795580000, 0x000000079da80000, 0x00000007c0000000)
  eden space 65536K, 0% used [0x0000000795580000,0x0000000795580000,0x0000000799580000)
  from space 23552K, 59% used [0x0000000799580000,0x000000079a334d28,0x000000079ac80000)
  to   space 22528K, 0% used [0x000000079c480000,0x000000079c480000,0x000000079da80000)
 ParOldGen       total 60928K, used 33328K [0x0000000740000000, 0x0000000743b80000, 0x0000000795580000)
  object space 60928K, 54% used [0x0000000740000000,0x000000074208c230,0x0000000743b80000)
 Metaspace       used 25091K, capacity 26632K, committed 26880K, reserved 1073152K
  class space    used 3457K, capacity 3762K, committed 3840K, reserved 1048576K
}
Event: 34.228 GC heap before
{Heap before GC invocations=9 (full 1):
 PSYoungGen      total 89088K, used 79571K [0x0000000795580000, 0x000000079da80000, 0x00000007c0000000)
  eden space 65536K, 100% used [0x0000000795580000,0x0000000799580000,0x0000000799580000)
  from space 23552K, 59% used [0x0000000799580000,0x000000079a334d28,0x000000079ac80000)
  to   space 22528K, 0% used [0x000000079c480000,0x000000079c480000,0x000000079da80000)
 ParOldGen       total 60928K, used 33328K [0x0000000740000000, 0x0000000743b80000, 0x0000000795580000)
  object space 60928K, 54% used [0x0000000740000000,0x000000074208c230,0x0000000743b80000)
 Metaspace       used 25229K, capacity 26704K, committed 26880K, reserved 1073152K
  class space    used 3461K, capacity 3762K, committed 3840K, reserved 1048576K
Event: 34.238 GC heap after
Heap after GC invocations=9 (full 1):
 PSYoungGen      total 105472K, used 12936K [0x0000000795580000, 0x000000079d600000, 0x00000007c0000000)
  eden space 87552K, 0% used [0x0000000795580000,0x0000000795580000,0x000000079ab00000)
  from space 17920K, 72% used [0x000000079c480000,0x000000079d122338,0x000000079d600000)
  to   space 22016K, 0% used [0x000000079ab00000,0x000000079ab00000,0x000000079c080000)
 ParOldGen       total 60928K, used 33328K [0x0000000740000000, 0x0000000743b80000, 0x0000000795580000)
  object space 60928K, 54% used [0x0000000740000000,0x000000074208c230,0x0000000743b80000)
 Metaspace       used 25229K, capacity 26704K, committed 26880K, reserved 1073152K
  class space    used 3461K, capacity 3762K, committed 3840K, reserved 1048576K
}
Event: 37.780 GC heap before
{Heap before GC invocations=10 (full 1):
 PSYoungGen      total 105472K, used 100488K [0x0000000795580000, 0x000000079d600000, 0x00000007c0000000)
  eden space 87552K, 100% used [0x0000000795580000,0x000000079ab00000,0x000000079ab00000)
  from space 17920K, 72% used [0x000000079c480000,0x000000079d122338,0x000000079d600000)
  to   space 22016K, 0% used [0x000000079ab00000,0x000000079ab00000,0x000000079c080000)
 ParOldGen       total 60928K, used 33328K [0x0000000740000000, 0x0000000743b80000, 0x0000000795580000)
  object space 60928K, 54% used [0x0000000740000000,0x000000074208c230,0x0000000743b80000)
 Metaspace       used 25343K, capacity 26852K, committed 27136K, reserved 1073152K
  class space    used 3467K, capacity 3768K, committed 3840K, reserved 1048576K
Event: 37.814 GC heap after
Heap after GC invocations=10 (full 1):
 PSYoungGen      total 109568K, used 21944K [0x0000000795580000, 0x000000079ee00000, 0x00000007c0000000)
  eden space 87552K, 0% used [0x0000000795580000,0x0000000795580000,0x000000079ab00000)
  from space 22016K, 99% used [0x000000079ab00000,0x000000079c06e078,0x000000079c080000)
  to   space 24576K, 0% used [0x000000079d600000,0x000000079d600000,0x000000079ee00000)
 ParOldGen       total 60928K, used 37936K [0x0000000740000000, 0x0000000743b80000, 0x0000000795580000)
  object space 60928K, 62% used [0x0000000740000000,0x000000074250c290,0x0000000743b80000)
 Metaspace       used 25343K, capacity 26852K, committed 27136K, reserved 1073152K
  class space    used 3467K, capacity 3768K, committed 3840K, reserved 1048576K
}

